Wed Aug  4 11:33:10 2021 [19100][-none-][FATAL] User update error: Temp User is not retrieved at ID 1, boolean given
Wed Aug  4 11:33:10 2021 [19100][-none-][FATAL] Email address save error
Thu Aug  5 05:19:38 2021 [19100][1][FATAL] User update error: Temp User is not retrieved at ID e5c00166-1948-b17b-d3d4-610b7448e202, boolean given
Thu Aug  5 05:19:39 2021 [19100][1][FATAL] Email address save error
Thu Aug  5 05:21:08 2021 [19100][1][FATAL] User update error: Temp User is not retrieved at ID 4563f6a9-aaaa-c3b4-bd1b-610b759d2b69, boolean given
Thu Aug  5 05:21:10 2021 [19100][1][FATAL] Email address save error
Thu Aug  5 05:22:07 2021 [19100][1][FATAL] Email address save error
Thu Aug  5 05:23:01 2021 [19100][1][FATAL] User update error: Temp User is not retrieved at ID b5170430-d605-17ae-6c2c-610b75d98210, boolean given
Thu Aug  5 05:23:02 2021 [19100][1][FATAL] Email address save error
Thu Aug  5 05:23:58 2021 [19100][1][FATAL] User update error: Temp User is not retrieved at ID 3d228ffe-9591-d016-c449-610b7513191e, boolean given
Thu Aug  5 05:23:59 2021 [19100][1][FATAL] Email address save error
Thu Aug  5 05:24:39 2021 [19100][1][FATAL] User update error: Temp User is not retrieved at ID 5474e00d-809f-a969-522c-610b766e707a, boolean given
Thu Aug  5 05:24:40 2021 [19100][1][FATAL] Email address save error
Thu Aug  5 05:25:45 2021 [19100][1][FATAL] User update error: Temp User is not retrieved at ID 8e2006c0-300a-4268-d211-610b7695e867, boolean given
Thu Aug  5 05:25:47 2021 [19100][1][FATAL] Email address save error
Thu Aug  5 05:26:41 2021 [19100][1][FATAL] Email address save error
Thu Aug  5 05:40:50 2021 [4068][1][FATAL] SugarPHPMailer encountered an error: Invalid address:  (to): 
Thu Aug  5 05:44:35 2021 [4068][1][FATAL] SugarPHPMailer encountered an error: Invalid address:  (to): 
Thu Aug  5 05:48:29 2021 [21692][5474e00d-809f-a969-522c-610b766e707a][FATAL] Email address save error
Thu Aug  5 05:50:53 2021 [21692][4563f6a9-aaaa-c3b4-bd1b-610b759d2b69][FATAL] Email address save error
Thu Aug  5 05:52:40 2021 [21692][1][FATAL] SugarPHPMailer encountered an error: Invalid address:  (to): 
Thu Aug  5 06:38:32 2021 [25312][1][FATAL] SugarPHPMailer encountered an error: Invalid address:  (to): 
Thu Aug  5 06:39:02 2021 [25312][1][FATAL] SugarPHPMailer encountered an error: Invalid address:  (to): 
Thu Aug  5 06:39:30 2021 [25312][1][FATAL] SugarPHPMailer encountered an error: Invalid address:  (to): 
Thu Aug  5 06:40:50 2021 [25312][e5c00166-1948-b17b-d3d4-610b7448e202][FATAL] Email address save error
Thu Aug  5 06:47:22 2021 [25312][1][FATAL] SugarPHPMailer encountered an error: Invalid address:  (to): 
Thu Aug  5 06:47:59 2021 [25312][-none-][FATAL] SECURITY: User authentication for level2 failed
Thu Aug  5 06:47:59 2021 [25312][-none-][FATAL] FAILED LOGIN:attempts[1], ip[127.0.0.1], username[level2]
Thu Aug  5 06:49:00 2021 [25312][1][FATAL] SugarPHPMailer encountered an error: Invalid address:  (to): 
Thu Aug  5 11:03:15 2021 [7076][e5c00166-1948-b17b-d3d4-610b7448e202][FATAL] Exception handling in C:\Apache24\htdocs\LMSCRM\include\MVC\Controller\SugarController.php:409
Thu Aug  5 11:03:15 2021 [7076][e5c00166-1948-b17b-d3d4-610b7448e202][FATAL] Exception in Controller: There is no action by that name: createpdfpreview
Mon Aug  9 11:51:24 2021 [16924][1][FATAL] log call at: modules/EmailMan/tpls/config.tpl:465 - styleChecked is not set
Mon Aug  9 11:52:37 2021 [16924][1][FATAL] SugarPHPMailer encountered an error: An outgoing mail server is not configured to send emails. Please configure an outgoing mail server or select an outgoing mail server for the mail account that you are using in Settings >> Mail Account.
Mon Aug  9 11:52:37 2021 [16924][1][FATAL] SugarPHPMailer encountered an error: SMTP connect() failed. https://github.com/PHPMailer/PHPMailer/wiki/Troubleshooting
Mon Aug  9 11:52:37 2021 [16924][1][FATAL] SugarPHPMailer encountered an error: SMTP connect() failed. https://github.com/PHPMailer/PHPMailer/wiki/Troubleshooting
Mon Aug  9 11:57:16 2021 [16924][1][FATAL] log call at: modules/EmailMan/tpls/config.tpl:465 - styleChecked is not set
Mon Aug  9 11:57:54 2021 [16924][1][FATAL] SugarPHPMailer encountered an error: SMTP Error: Could not authenticate.
Mon Aug  9 11:57:54 2021 [16924][1][FATAL] SugarPHPMailer encountered an error: SMTP Error: Could not authenticate.
Mon Aug  9 12:00:33 2021 [16924][1][FATAL] log call at: modules/EmailMan/tpls/config.tpl:465 - styleChecked is not set
Mon Aug  9 12:31:30 2021 [16924][1][FATAL] SugarPHPMailer encountered an error: Invalid address:  (to): sameeksha
Mon Aug  9 12:31:30 2021 [16924][1][FATAL] SugarPHPMailer encountered an error: Invalid address:  (cc): 
Mon Aug  9 12:31:30 2021 [16924][1][FATAL] SugarPHPMailer encountered an error: Invalid address:  (bcc): 
Mon Aug  9 12:31:30 2021 [16924][1][FATAL] SugarPHPMailer encountered an error: You must provide at least one recipient email address.
Mon Aug  9 12:31:30 2021 [16924][1][FATAL] SugarPHPMailer encountered an error: You must provide at least one recipient email address.
Mon Aug  9 13:25:11 2021 [16924][1][FATAL] SugarPHPMailer encountered an error: Invalid address:  (to): sameekshaagrawal.93@gmail.com, sameeksha.agrawal@hcl.com
Mon Aug  9 13:25:11 2021 [16924][1][FATAL] SugarPHPMailer encountered an error: Invalid address:  (cc): 
Mon Aug  9 13:34:41 2021 [16924][1][FATAL] SugarPHPMailer encountered an error: Invalid address:  (to): ,
Mon Aug  9 13:34:41 2021 [16924][1][FATAL] SugarPHPMailer encountered an error: Invalid address:  (bcc): 
Mon Aug  9 13:39:31 2021 [16924][1][FATAL] SugarPHPMailer encountered an error: Invalid address:  (bcc): 
Mon Aug  9 13:39:42 2021 [16924][1][FATAL] SugarPHPMailer encountered an error: An outgoing mail server is not configured to send emails. Please configure an outgoing mail server or select an outgoing mail server for the mail account that you are using in Settings >> Mail Account.
Mon Aug  9 13:39:42 2021 [16924][1][FATAL] SugarPHPMailer encountered an error: SMTP connect() failed. https://github.com/PHPMailer/PHPMailer/wiki/Troubleshooting
Mon Aug  9 13:39:42 2021 [16924][1][FATAL] SugarPHPMailer encountered an error: SMTP connect() failed. https://github.com/PHPMailer/PHPMailer/wiki/Troubleshooting
Mon Aug  9 13:40:53 2021 [16924][1][FATAL] SugarPHPMailer encountered an error: Invalid address:  (bcc): 
Mon Aug  9 13:41:42 2021 [16924][1][FATAL] SugarPHPMailer encountered an error: Invalid address:  (bcc): 
Mon Aug  9 13:44:00 2021 [16924][1][FATAL] SugarPHPMailer encountered an error: Invalid address:  (bcc): 
Tue Aug 10 09:47:32 2021 [16924][1][FATAL] SugarPHPMailer encountered an error: Invalid address:  (cc): 
Tue Aug 10 09:47:32 2021 [16924][1][FATAL] SugarPHPMailer encountered an error: Invalid address:  (bcc): 
Tue Aug 10 12:31:00 2021 [24220][1][FATAL] SugarPHPMailer encountered an error: Invalid address:  (cc): 
Tue Aug 10 12:31:00 2021 [24220][1][FATAL] SugarPHPMailer encountered an error: Invalid address:  (bcc): 
Tue Aug 10 12:41:31 2021 [24220][1][FATAL] SugarPHPMailer encountered an error: An outgoing mail server is not configured to send emails. Please configure an outgoing mail server or select an outgoing mail server for the mail account that you are using in Settings >> Mail Account.
Tue Aug 10 12:41:31 2021 [24220][1][FATAL] SugarPHPMailer encountered an error: SMTP connect() failed. https://github.com/PHPMailer/PHPMailer/wiki/Troubleshooting
Tue Aug 10 12:41:31 2021 [24220][1][FATAL] SugarPHPMailer encountered an error: SMTP connect() failed. https://github.com/PHPMailer/PHPMailer/wiki/Troubleshooting
Tue Aug 17 09:10:46 2021 [11348][-none-][FATAL] SECURITY: User authentication for admn failed
Tue Aug 17 09:10:46 2021 [11348][-none-][FATAL] FAILED LOGIN:attempts[1], ip[127.0.0.1], username[admn]
